2023-03-02 10:26:36.434258 [INFO] [Context.cc:179] <<--- --- --- ---
2023-03-02 10:26:36.439256 [INFO] [Context.cc:180]   --- --- --- ---
2023-03-02 10:26:36.439271 [INFO] [Context.cc:181]   --- --- --- --->>
2023-03-02 10:26:36.439313 [INFO] [Context.cc:182] aria2 1.36.0
2023-03-02 10:26:36.439341 [INFO] [Context.cc:183] Apple LLVM 13.0.0 (clang-1300.0.29.30)
  built by  arm-apple-darwin21.3.0
  on        Mar 11 2022 12:44:23
2023-03-02 10:26:36.439371 [INFO] [Context.cc:184] Darwin 21.5.0 Darwin Kernel Version 21.5.0: Tue Apr 26 21:08:29 PDT 2022; root:xnu-8020.121.3~4/RELEASE_ARM64_T8101 arm64
2023-03-02 10:26:36.439385 [INFO] [Context.cc:185] zlib/1.2.11 libxml2/2.9.4 sqlite3/3.38.0 AppleTLS libssh2/1.10.0
2023-03-02 10:26:36.439519 [INFO] [Context.cc:186] Anotación arrancada.
2023-03-02 10:26:36.439544 [INFO] [SocketCore.cc:1659] Checking configured addresses
2023-03-02 10:26:36.439598 [INFO] [SocketCore.cc:1710] Not considered: 127.0.0.1
2023-03-02 10:26:36.439610 [INFO] [SocketCore.cc:1710] Not considered: ::1
2023-03-02 10:26:36.439642 [INFO] [SocketCore.cc:1710] Not considered: fe80::1%lo0
2023-03-02 10:26:36.439671 [INFO] [SocketCore.cc:1710] Not considered: fe80::cc28:56ff:fe3a:73f1%anpi1
2023-03-02 10:26:36.439699 [INFO] [SocketCore.cc:1710] Not considered: fe80::cc28:56ff:fe3a:73f0%anpi0
2023-03-02 10:26:36.439727 [INFO] [SocketCore.cc:1710] Not considered: fe80::1c58:2247:7e2c:98fa%en0
2023-03-02 10:26:36.439734 [INFO] [SocketCore.cc:1707] Found configured address: 10.38.9.37
2023-03-02 10:26:36.439761 [INFO] [SocketCore.cc:1710] Not considered: fe80::f854:81ff:fea3:d015%awdl0
2023-03-02 10:26:36.439788 [INFO] [SocketCore.cc:1710] Not considered: fe80::f854:81ff:fea3:d015%llw0
2023-03-02 10:26:36.439815 [INFO] [SocketCore.cc:1710] Not considered: fe80::aa5a:95b0:ccca:a66b%utun0
2023-03-02 10:26:36.439842 [INFO] [SocketCore.cc:1710] Not considered: fe80::42aa:1ad5:e392:ea08%utun1
2023-03-02 10:26:36.439869 [INFO] [SocketCore.cc:1710] Not considered: fe80::ce81:b1c:bd2c:69e%utun2
2023-03-02 10:26:36.439896 [INFO] [SocketCore.cc:1710] Not considered: fe80::db1:fa46:a621:d6f3%utun4
2023-03-02 10:26:36.439923 [INFO] [SocketCore.cc:1710] Not considered: fe80::d7f9:2b21:9d24:f10c%utun5
2023-03-02 10:26:36.439929 [INFO] [SocketCore.cc:1715] IPv4 configured=1, IPv6 configured=0
2023-03-02 10:26:43.764090 [INFO] [Context.cc:179] <<--- --- --- ---
2023-03-02 10:26:43.764270 [INFO] [Context.cc:180]   --- --- --- ---
2023-03-02 10:26:43.764279 [INFO] [Context.cc:181]   --- --- --- --->>
2023-03-02 10:26:43.764288 [INFO] [Context.cc:182] aria2 1.36.0
2023-03-02 10:26:43.764300 [INFO] [Context.cc:183] Apple LLVM 13.0.0 (clang-1300.0.29.30)
  built by  arm-apple-darwin21.3.0
  on        Mar 11 2022 12:44:23
2023-03-02 10:26:43.764319 [INFO] [Context.cc:184] Darwin 21.5.0 Darwin Kernel Version 21.5.0: Tue Apr 26 21:08:29 PDT 2022; root:xnu-8020.121.3~4/RELEASE_ARM64_T8101 arm64
2023-03-02 10:26:43.764328 [INFO] [Context.cc:185] zlib/1.2.11 libxml2/2.9.4 sqlite3/3.38.0 AppleTLS libssh2/1.10.0
2023-03-02 10:26:43.764341 [INFO] [Context.cc:186] Anotación arrancada.
2023-03-02 10:26:43.764349 [INFO] [SocketCore.cc:1659] Checking configured addresses
2023-03-02 10:26:43.764393 [INFO] [SocketCore.cc:1710] Not considered: 127.0.0.1
2023-03-02 10:26:43.764402 [INFO] [SocketCore.cc:1710] Not considered: ::1
2023-03-02 10:26:43.764431 [INFO] [SocketCore.cc:1710] Not considered: fe80::1%lo0
2023-03-02 10:26:43.764461 [INFO] [SocketCore.cc:1710] Not considered: fe80::cc28:56ff:fe3a:73f1%anpi1
2023-03-02 10:26:43.764494 [INFO] [SocketCore.cc:1710] Not considered: fe80::cc28:56ff:fe3a:73f0%anpi0
2023-03-02 10:26:43.764523 [INFO] [SocketCore.cc:1710] Not considered: fe80::1c58:2247:7e2c:98fa%en0
2023-03-02 10:26:43.764532 [INFO] [SocketCore.cc:1707] Found configured address: 10.38.9.37
2023-03-02 10:26:43.764560 [INFO] [SocketCore.cc:1710] Not considered: fe80::f854:81ff:fea3:d015%awdl0
2023-03-02 10:26:43.764588 [INFO] [SocketCore.cc:1710] Not considered: fe80::f854:81ff:fea3:d015%llw0
2023-03-02 10:26:43.764615 [INFO] [SocketCore.cc:1710] Not considered: fe80::aa5a:95b0:ccca:a66b%utun0
2023-03-02 10:26:43.764682 [INFO] [SocketCore.cc:1710] Not considered: fe80::42aa:1ad5:e392:ea08%utun1
2023-03-02 10:26:43.764713 [INFO] [SocketCore.cc:1710] Not considered: fe80::ce81:b1c:bd2c:69e%utun2
2023-03-02 10:26:43.764743 [INFO] [SocketCore.cc:1710] Not considered: fe80::db1:fa46:a621:d6f3%utun4
2023-03-02 10:26:43.764770 [INFO] [SocketCore.cc:1710] Not considered: fe80::d7f9:2b21:9d24:f10c%utun5
2023-03-02 10:26:43.764779 [INFO] [SocketCore.cc:1715] IPv4 configured=1, IPv6 configured=0
2023-03-02 10:27:31.969522 [INFO] [Context.cc:179] <<--- --- --- ---
2023-03-02 10:27:31.969944 [INFO] [Context.cc:180]   --- --- --- ---
2023-03-02 10:27:31.969963 [INFO] [Context.cc:181]   --- --- --- --->>
2023-03-02 10:27:31.969997 [INFO] [Context.cc:182] aria2 1.36.0
2023-03-02 10:27:31.970008 [INFO] [Context.cc:183] Apple LLVM 13.0.0 (clang-1300.0.29.30)
  built by  arm-apple-darwin21.3.0
  on        Mar 11 2022 12:44:23
2023-03-02 10:27:31.970027 [INFO] [Context.cc:184] Darwin 21.5.0 Darwin Kernel Version 21.5.0: Tue Apr 26 21:08:29 PDT 2022; root:xnu-8020.121.3~4/RELEASE_ARM64_T8101 arm64
2023-03-02 10:27:31.970036 [INFO] [Context.cc:185] zlib/1.2.11 libxml2/2.9.4 sqlite3/3.38.0 AppleTLS libssh2/1.10.0
2023-03-02 10:27:31.970180 [INFO] [Context.cc:186] Anotación arrancada.
2023-03-02 10:27:31.970193 [INFO] [SocketCore.cc:1659] Checking configured addresses
2023-03-02 10:27:31.970253 [INFO] [SocketCore.cc:1710] Not considered: 127.0.0.1
2023-03-02 10:27:31.970265 [INFO] [SocketCore.cc:1710] Not considered: ::1
2023-03-02 10:27:31.970304 [INFO] [SocketCore.cc:1710] Not considered: fe80::1%lo0
2023-03-02 10:27:31.970342 [INFO] [SocketCore.cc:1710] Not considered: fe80::cc28:56ff:fe3a:73f1%anpi1
2023-03-02 10:27:31.970379 [INFO] [SocketCore.cc:1710] Not considered: fe80::cc28:56ff:fe3a:73f0%anpi0
2023-03-02 10:27:31.970415 [INFO] [SocketCore.cc:1710] Not considered: fe80::1c58:2247:7e2c:98fa%en0
2023-03-02 10:27:31.970425 [INFO] [SocketCore.cc:1707] Found configured address: 10.38.9.37
2023-03-02 10:27:31.970461 [INFO] [SocketCore.cc:1710] Not considered: fe80::f854:81ff:fea3:d015%awdl0
2023-03-02 10:27:31.970497 [INFO] [SocketCore.cc:1710] Not considered: fe80::f854:81ff:fea3:d015%llw0
2023-03-02 10:27:31.970531 [INFO] [SocketCore.cc:1710] Not considered: fe80::aa5a:95b0:ccca:a66b%utun0
2023-03-02 10:27:31.970567 [INFO] [SocketCore.cc:1710] Not considered: fe80::42aa:1ad5:e392:ea08%utun1
2023-03-02 10:27:31.970603 [INFO] [SocketCore.cc:1710] Not considered: fe80::ce81:b1c:bd2c:69e%utun2
2023-03-02 10:27:31.970638 [INFO] [SocketCore.cc:1710] Not considered: fe80::db1:fa46:a621:d6f3%utun4
2023-03-02 10:27:31.970673 [INFO] [SocketCore.cc:1710] Not considered: fe80::d7f9:2b21:9d24:f10c%utun5
2023-03-02 10:27:31.970681 [INFO] [SocketCore.cc:1715] IPv4 configured=1, IPv6 configured=0
2023-03-02 10:27:31.970965 [NOTICE] [Context.cc:311] Downloading 1 item(s)
2023-03-02 10:27:31.972728 [INFO] [AbstractCommand.cc:817] CUID#7 - Name resolution complete: uupdump.net -> 5.45.97.157
2023-03-02 10:27:31.972745 [INFO] [HttpInitiateConnectionCommand.cc:123] CUID#7 - Connecting to 5.45.97.157:443
2023-03-02 10:27:34.118466 [INFO] [AppleTLSSession.cc:757] AppleTLS: Connected to uupdump.net with TLSv1.2 (TLS_ECDHE_ECDSA_WITH_AES_128_GCM_SHA256)
2023-03-02 10:27:34.118585 [INFO] [HttpConnection.cc:129] CUID#7 - Requesting:
GET /get.php?id=7811e991-621e-4b0c-a066-ee0d4b53eacf&pack=en-us&edition=professional&aria2=2 HTTP/1.1
User-Agent: aria2/1.36.0
Accept: */*,application/metalink4+xml,application/metalink+xml
Host: uupdump.net
Want-Digest: SHA-512;q=1, SHA-256;q=1, SHA;q=0.1


2023-03-02 10:27:35.128349 [INFO] [HttpConnection.cc:164] CUID#7 - Response received:
HTTP/1.1 200 OK
Alt-Svc: h3=":443"; ma=2592000
Cache-Control: max-age=30
Content-Type: text/plain;charset=UTF-8
Server: Caddy
Date: Thu, 02 Mar 2023 09:27:35 GMT
Content-Length: 29


2023-03-02 10:27:35.128901 [INFO] [DefaultBtProgressInfoFile.cc:415] El fichero de segmentos /Users/franciscopugalojo/sistemas-distribuidos/ficheros c/aria2_script.6668.txt.aria2 no existe.
2023-03-02 10:27:35.129125 [INFO] [DefaultBtProgressInfoFile.cc:415] El fichero de segmentos /Users/franciscopugalojo/sistemas-distribuidos/ficheros c/aria2_script.6668.txt.aria2 no existe.
2023-03-02 10:27:35.129150 [INFO] [DefaultBtProgressInfoFile.cc:415] El fichero de segmentos /Users/franciscopugalojo/sistemas-distribuidos/ficheros c/aria2_script.6668.txt.aria2 no existe.
2023-03-02 10:27:35.129170 [INFO] [DefaultBtProgressInfoFile.cc:415] El fichero de segmentos /Users/franciscopugalojo/sistemas-distribuidos/ficheros c/aria2_script.6668.txt.aria2 no existe.
2023-03-02 10:27:35.129730 [INFO] [DefaultBtProgressInfoFile.cc:205] Guardando el fichero de segmentos /Users/franciscopugalojo/sistemas-distribuidos/ficheros c/aria2_script.6668.txt.aria2
2023-03-02 10:27:35.130033 [INFO] [DefaultBtProgressInfoFile.cc:217] El fichero de segmentos se ha guardado satisfactoriamente.
2023-03-02 10:27:35.130275 [INFO] [DownloadCommand.cc:242] CUID#7 - The download for one segment completed successfully.
2023-03-02 10:27:35.130354 [INFO] [DefaultPieceStorage.cc:483] Se ha completado la descarga.
2023-03-02 10:27:35.130396 [INFO] [DownloadEngine.cc:315] Pool socket for 5.45.97.157(443)
2023-03-02 10:27:35.130533 [NOTICE] [RequestGroup.cc:1217] Descarga completa: /Users/franciscopugalojo/sistemas-distribuidos/ficheros c/aria2_script.6668.txt
2023-03-02 10:27:35.130605 [INFO] [DefaultBtProgressInfoFile.cc:411] El fichero de segmentos /Users/franciscopugalojo/sistemas-distribuidos/ficheros c/aria2_script.6668.txt.aria2 existe.
